<?xml version="1.0" encoding="UTF-8"?>
<!-- Generated by org.testng.reporters.JUnitXMLReporter -->
<testsuite ignored="0" hostname="Manjusha" failures="0" tests="4" name="Test" time="0.103" errors="0" timestamp="2021-05-22T15:35:44 IST">
  <testcase classname="Practice.B_B4TstAftTst_B4MethodAftMethod" name="tst1" time="0.011"/>
  <testcase classname="Practice.B_B4TstAftTst_B4MethodAftMethod" name="tst2" time="0.001"/>
  <testcase classname="Practice.A_BasicTest" name="bLogintst" time="0.002"/>
  <testcase classname="Practice.A_BasicTest" name="aLogouttst" time="0.002"/>
</testsuite> <!-- Test -->
