<?xml version="1.0" encoding="UTF-8"?>
<!-- Generated by org.testng.reporters.JUnitXMLReporter -->
<testsuite ignored="0" hostname="Manjusha" failures="0" tests="11" name="Functional testing" time="50.327" errors="0" timestamp="2021-05-22T15:08:50 IST">
  <testcase classname="Practice.D_SoftAssert" name="softAssert" time="12.15"/>
  <testcase classname="Practice.C_Assertions" name="TitleTest" time="11.935"/>
  <testcase classname="Practice.zzzzz_prac" name="Login" time="26.154"/>
  <testcase classname="Practice.B_B4TstAftTst_B4MethodAftMethod" name="tst1" time="0.001"/>
  <testcase classname="Practice.B_B4TstAftTst_B4MethodAftMethod" name="tst2" time="0.001"/>
  <testcase classname="Practice.E_TestGroups" name="Tst1" time="0.002"/>
  <testcase classname="Practice.E_TestGroups" name="Tst2" time="0.001"/>
  <testcase classname="Practice.E_TestGroups" name="Tst3" time="0.001"/>
  <testcase classname="Practice.E_TestGroups" name="Tst4" time="0.001"/>
  <testcase classname="Practice.A_BasicTest" name="bLogintst" time="0.001"/>
  <testcase classname="Practice.A_BasicTest" name="aLogouttst" time="0.002"/>
</testsuite> <!-- Functional testing -->
