<?xml version="1.0" encoding="UTF-8"?>
<!-- Generated by org.testng.reporters.JUnitXMLReporter -->
<testsuite ignored="2" hostname="Manjusha" failures="0" tests="2" name="GRP-mdl" time="0.059" errors="0" timestamp="2021-05-22T17:00:21 IST">
  <testcase classname="Practice.G_BeforeAfterClass_BeforeAfterGroup" name="btwo" time="0.005"/>
  <testcase classname="Practice.G_BeforeAfterClass_BeforeAfterGroup" name="cthree" time="0.001"/>
  <testcase classname="Practice.G_BeforeAfterClass_BeforeAfterGroup" name="dfour" time="0.0">
    <ignored/>
  </testcase> <!-- dfour -->
  <testcase classname="Practice.G_BeforeAfterClass_BeforeAfterGroup" name="aone" time="0.0">
    <ignored/>
  </testcase> <!-- aone -->
</testsuite> <!-- GRP-mdl -->
