<?xml version="1.0" encoding="UTF-8"?>
<!-- Generated by org.testng.reporters.JUnitXMLReporter -->
<testsuite ignored="2" hostname="Manjusha" failures="0" tests="2" name="GRP-one" time="0.063" errors="0" timestamp="2021-05-22T14:51:52 IST">
  <testcase classname="Practice.E_TestGroups" name="Tst1" time="0.011"/>
  <testcase classname="Practice.E_TestGroups" name="Tst3" time="0.002"/>
  <testcase classname="Practice.E_TestGroups" name="Tst4" time="0.0">
    <ignored/>
  </testcase> <!-- Tst4 -->
  <testcase classname="Practice.E_TestGroups" name="Tst2" time="0.0">
    <ignored/>
  </testcase> <!-- Tst2 -->
</testsuite> <!-- GRP-one -->
