<?xml version="1.0" encoding="UTF-8"?>
<!-- Generated by org.testng.reporters.JUnitXMLReporter -->
<testsuite ignored="1" hostname="Manjusha" failures="0" tests="3" name="GRP-two" time="0.061" errors="0" timestamp="2021-05-22T14:51:17 IST">
  <testcase classname="Practice.E_TestGroups" name="Tst2" time="0.009"/>
  <testcase classname="Practice.E_TestGroups" name="Tst3" time="0.001"/>
  <testcase classname="Practice.E_TestGroups" name="Tst4" time="0.001"/>
  <testcase classname="Practice.E_TestGroups" name="Tst1" time="0.0">
    <ignored/>
  </testcase> <!-- Tst1 -->
</testsuite> <!-- GRP-two -->
