<?xml version="1.0" encoding="UTF-8"?>
<!-- Generated by org.testng.reporters.JUnitXMLReporter -->
<testsuite ignored="0" hostname="Manjusha" failures="0" tests="4" name="GRP-kjh" time="0.065" errors="0" timestamp="2021-05-22T14:52:38 IST">
  <testcase classname="Practice.E_TestGroups" name="Tst1" time="0.01"/>
  <testcase classname="Practice.E_TestGroups" name="Tst2" time="0.002"/>
  <testcase classname="Practice.E_TestGroups" name="Tst3" time="0.001"/>
  <testcase classname="Practice.E_TestGroups" name="Tst4" time="0.001"/>
</testsuite> <!-- GRP-kjh -->
